<?xml version="1.0" encoding="UTF-8"?>
<testsuite xmlns:xsi="http://www.w3.org/2001/XMLSchema-instance" xsi:noNamespaceSchemaLocation="https://maven.apache.org/surefire/maven-surefire-plugin/xsd/surefire-test-report.xsd" name="com.example.project.server.DemoApplicationTests" time="5.153" tests="2" errors="0" skipped="0" failures="0">
  <properties>
[...]
</properties>
  <testcase name="testSubtraction" classname="com.example.project.server.DemoApplicationTests" time="0.817"/>
  <testcase name="getHello" classname="com.example.project.server.DemoApplicationTests" time="0.016"/>
</testsuite>